Statistical profiling result from fast.log, (1210 ticks, 0 unaccounted, 0 excluded).

 [Shared libraries]:
   ticks  total  nonlib   name
   1019   84.2%          C:\Windows\SYSTEM32\ntdll.dll
    175   14.5%          C:\Program Files\nodejs\node.exe
      1    0.1%          C:\Windows\System32\KERNEL32.DLL

 [JavaScript]:
   ticks  total  nonlib   name
      9    0.7%   60.0%  LazyCompile: *calcularRandoms D:\hernan\coder\backend\classes\32-logsprofilling2\ex03\index.js:4:25
      2    0.2%   13.3%  LazyCompile: *next D:\hernan\coder\backend\classes\32-logsprofilling2\ex03\node_modules\express\lib\router\index.js:177:16
      1    0.1%    6.7%  RegExp: ;\s*charset\s*=
      1    0.1%    6.7%  LazyCompile: *matchKnownFields node:_http_incoming:231:26
      1    0.1%    6.7%  LazyCompile: *header D:\hernan\coder\backend\classes\32-logsprofilling2\ex03\node_modules\express\lib\response.js:777:29
      1    0.1%    6.7%  Function: ^onParserExecuteCommon node:_http_server:696:31

 [C++]:
   ticks  total  nonlib   name

 [Summary]:
   ticks  total  nonlib   name
     15    1.2%  100.0%  JavaScript
      0    0.0%    0.0%  C++
     26    2.1%  173.3%  GC
   1195   98.8%          Shared libraries

 [C++ entry points]:
   ticks    cpp   total   name

 [Bottom up (heavy) profile]:
  Note: percentage shows a share of a particular caller in the total
  amount of its parent calls.
  Callers occupying less than 1.0% are not shown.

   ticks parent  name
   1019   84.2%  C:\Windows\SYSTEM32\ntdll.dll

    175   14.5%  C:\Program Files\nodejs\node.exe
    107   61.1%    C:\Program Files\nodejs\node.exe
     53   49.5%      LazyCompile: *calcularRandoms D:\hernan\coder\backend\classes\32-logsprofilling2\ex03\index.js:4:25
     52   98.1%        Function: ^<anonymous> D:\hernan\coder\backend\classes\32-logsprofilling2\ex03\index.js:21:28
     52  100.0%          Function: ^handle D:\hernan\coder\backend\classes\32-logsprofilling2\ex03\node_modules\express\lib\router\layer.js:86:49
     51   98.1%            Function: ^next D:\hernan\coder\backend\classes\32-logsprofilling2\ex03\node_modules\express\lib\router\route.js:116:16
      1    1.9%            LazyCompile: ~next D:\hernan\coder\backend\classes\32-logsprofilling2\ex03\node_modules\express\lib\router\route.js:116:16
      1    1.9%        LazyCompile: ~<anonymous> D:\hernan\coder\backend\classes\32-logsprofilling2\ex03\index.js:21:28
      1  100.0%          LazyCompile: ~handle D:\hernan\coder\backend\classes\32-logsprofilling2\ex03\node_modules\express\lib\router\layer.js:86:49
      1  100.0%            LazyCompile: ~next D:\hernan\coder\backend\classes\32-logsprofilling2\ex03\node_modules\express\lib\router\route.js:116:16
     18   16.8%      Function: ^stringify D:\hernan\coder\backend\classes\32-logsprofilling2\ex03\node_modules\express\lib\response.js:1145:20
     18  100.0%        Function: ^json D:\hernan\coder\backend\classes\32-logsprofilling2\ex03\node_modules\express\lib\response.js:250:25
     18  100.0%          Function: ^<anonymous> D:\hernan\coder\backend\classes\32-logsprofilling2\ex03\index.js:21:28
     18  100.0%            Function: ^handle D:\hernan\coder\backend\classes\32-logsprofilling2\ex03\node_modules\express\lib\router\layer.js:86:49
      4    3.7%      Function: ^update node:internal/crypto/hash:95:40
      4  100.0%        Function: ^entitytag D:\hernan\coder\backend\classes\32-logsprofilling2\ex03\node_modules\etag\index.js:39:20
      4  100.0%          Function: ^etag D:\hernan\coder\backend\classes\32-logsprofilling2\ex03\node_modules\etag\index.js:70:15
      3   75.0%            Function: ^generateETag D:\hernan\coder\backend\classes\32-logsprofilling2\ex03\node_modules\express\lib\utils.js:273:32
      1   25.0%            LazyCompile: *send D:\hernan\coder\backend\classes\32-logsprofilling2\ex03\node_modules\express\lib\response.js:111:25
      3    2.8%      Function: ^writevGeneric node:internal/stream_base_commons:122:23
      3  100.0%        Function: ^Socket._writeGeneric node:net:791:42
      3  100.0%          Function: ^Socket._writev node:net:823:36
      3  100.0%            Function: ^doWrite node:internal/streams/writable:398:17
      3    2.8%      Function: ^compileFunction node:vm:308:25
      3  100.0%        Function: ^wrapSafe node:internal/modules/cjs/loader:1017:18
      3  100.0%          Function: ^Module._compile node:internal/modules/cjs/loader:1059:37
      2   66.7%            Function: ^Module._extensions..js node:internal/modules/cjs/loader:1114:37
      1   33.3%            LazyCompile: ~Module._extensions..js node:internal/modules/cjs/loader:1114:37
      3    2.8%      Function: ^compileForInternalLoader node:internal/bootstrap/loaders:299:27
      3  100.0%        Function: ^nativeModuleRequire node:internal/bootstrap/loaders:332:29
      1   33.3%          Function: ~<anonymous> node:internal/child_process:1:1
      1  100.0%            Function: ^compileForInternalLoader node:internal/bootstrap/loaders:299:27
      1   33.3%          Function: ~<anonymous> node:http:1:1
      1  100.0%            Function: ^compileForInternalLoader node:internal/bootstrap/loaders:299:27
      1   33.3%          Function: ~<anonymous> node:crypto:1:1
      1  100.0%            Function: ^compileForInternalLoader node:internal/bootstrap/loaders:299:27
      2    1.9%      LazyCompile: *_storeHeader node:_http_outgoing:374:22
      2  100.0%        Function: ^writeHead node:_http_server:270:19
      2  100.0%          Function: ^_implicitHeader node:_http_server:265:68
      2  100.0%            Function: ^write_ node:_http_outgoing:730:16
      2    1.9%      Function: ^stat node:internal/modules/cjs/loader:151:14
      2  100.0%        Function: ^tryFile node:internal/modules/cjs/loader:384:17
      2  100.0%          Function: ^tryExtensions node:internal/modules/cjs/loader:400:23
      2  100.0%            Function: ^Module._findPath node:internal/modules/cjs/loader:494:28
      2    1.9%      Function: ^fromStringFast node:buffer:413:24
      2  100.0%        Function: ^fromString node:buffer:432:20
      2  100.0%          Function: ^from node:buffer:296:28
      2  100.0%            Function: ^send D:\hernan\coder\backend\classes\32-logsprofilling2\ex03\node_modules\express\lib\response.js:111:25
      2    1.9%      Function: ^emitReadable_ node:internal/streams/readable:574:23
      2  100.0%        LazyCompile: *processTicksAndRejections node:internal/process/task_queues:68:35
     13    7.4%    Function: ^<anonymous> D:\hernan\coder\backend\classes\32-logsprofilling2\ex03\index.js:21:28
     13  100.0%      Function: ^handle D:\hernan\coder\backend\classes\32-logsprofilling2\ex03\node_modules\express\lib\router\layer.js:86:49
     13  100.0%        Function: ^next D:\hernan\coder\backend\classes\32-logsprofilling2\ex03\node_modules\express\lib\router\route.js:116:16
     13  100.0%          Function: ^dispatch D:\hernan\coder\backend\classes\32-logsprofilling2\ex03\node_modules\express\lib\router\route.js:98:45
     11   84.6%            LazyCompile: *next D:\hernan\coder\backend\classes\32-logsprofilling2\ex03\node_modules\express\lib\router\index.js:177:16
      2   15.4%            Function: ^handle D:\hernan\coder\backend\classes\32-logsprofilling2\ex03\node_modules\express\lib\router\layer.js:86:49
      8    4.6%    LazyCompile: *calcularRandoms D:\hernan\coder\backend\classes\32-logsprofilling2\ex03\index.js:4:25
      8  100.0%      Function: ^<anonymous> D:\hernan\coder\backend\classes\32-logsprofilling2\ex03\index.js:21:28
      8  100.0%        Function: ^handle D:\hernan\coder\backend\classes\32-logsprofilling2\ex03\node_modules\express\lib\router\layer.js:86:49
      8  100.0%          Function: ^next D:\hernan\coder\backend\classes\32-logsprofilling2\ex03\node_modules\express\lib\router\route.js:116:16
      8  100.0%            Function: ^dispatch D:\hernan\coder\backend\classes\32-logsprofilling2\ex03\node_modules\express\lib\router\route.js:98:45
      2    1.1%    LazyCompile: *processTicksAndRejections node:internal/process/task_queues:68:35
      2    1.1%    LazyCompile: *emit node:events:475:44
      2  100.0%      Function: ^onFinish node:_http_outgoing:828:18
      2  100.0%        Function: ^callback node:internal/streams/writable:550:44
      2  100.0%          Function: ^afterWrite node:internal/streams/writable:487:20
      2  100.0%            Function: ^afterWriteTick node:internal/streams/writable:482:24
      2    1.1%    Function: ^json D:\hernan\coder\backend\classes\32-logsprofilling2\ex03\node_modules\express\lib\response.js:250:25
      2  100.0%      Function: ^<anonymous> D:\hernan\coder\backend\classes\32-logsprofilling2\ex03\index.js:21:28
      2  100.0%        Function: ^handle D:\hernan\coder\backend\classes\32-logsprofilling2\ex03\node_modules\express\lib\router\layer.js:86:49
      2  100.0%          Function: ^next D:\hernan\coder\backend\classes\32-logsprofilling2\ex03\node_modules\express\lib\router\route.js:116:16
      2  100.0%            Function: ^dispatch D:\hernan\coder\backend\classes\32-logsprofilling2\ex03\node_modules\express\lib\router\route.js:98:45

